{"contracts/TestToken.sol":{"l":{"14":9,"15":9,"19":9,"20":9},"path":"/Users/hadv/github/hardhat-template/contracts/TestToken.sol","s":{"1":9,"2":9,"3":9,"4":9},"b":{"1":[9,0]},"f":{"1":9,"2":9},"fnMap":{"1":{"name":"constructor","line":13,"loc":{"start":{"line":13,"column":4},"end":{"line":16,"column":4}}},"2":{"name":"mint","line":18,"loc":{"start":{"line":18,"column":4},"end":{"line":21,"column":4}}}},"statementMap":{"1":{"start":{"line":14,"column":8},"end":{"line":14,"column":49}},"2":{"start":{"line":15,"column":8},"end":{"line":15,"column":42}},"3":{"start":{"line":19,"column":8},"end":{"line":19,"column":72}},"4":{"start":{"line":20,"column":8},"end":{"line":20,"column":24}}},"branchMap":{"1":{"line":19,"type":"if","locations":[{"start":{"line":19,"column":8},"end":{"line":19,"column":8}},{"start":{"line":19,"column":8},"end":{"line":19,"column":8}}]}}}}